# JRE version: Java(TM) SE Runtime Environment (8.0_91-b14) (build 1.8.0_91-b14)
# Java VM: Java HotSpot(TM) 64-Bit Server VM (25.91-b14 mixed mode linux-amd64 compressed oops)
Heap:
 PSYoungGen      total 129536K, used 7157K [0x00000000ec000000, 0x00000000f4600000, 0x0000000100000000)
  eden space 122368K, 0% used [0x00000000ec000000,0x00000000ec000000,0x00000000f3780000)
  from space 7168K, 99% used [0x00000000f3780000,0x00000000f3e7d5e0,0x00000000f3e80000)
  to   space 6656K, 0% used [0x00000000f3e80000,0x00000000f3e80000,0x00000000f4500000)
 ParOldGen       total 40960K, used 12287K [0x00000000c4000000, 0x00000000c6800000, 0x00000000ec000000)
  object space 40960K, 29% used [0x00000000c4000000,0x00000000c4bffca0,0x00000000c6800000)
 Metaspace       used 20925K, capacity 21174K, committed 21296K, reserved 1067008K
  class space    used 2742K, capacity 2839K, committed 2864K, reserved 1048576K
GC Heap History (10 events):
Event: 1,224 GC heap after
Heap after GC invocations=2 (full 0):
 PSYoungGen      total 33280K, used 2548K [0x00000000ec000000, 0x00000000ee300000, 0x0000000100000000)
  eden space 30720K, 0% used [0x00000000ec000000,0x00000000ec000000,0x00000000ede00000)
  from space 2560K, 99% used [0x00000000ee080000,0x00000000ee2fd280,0x00000000ee300000)
  to   space 2560K, 0% used [0x00000000ede00000,0x00000000ede00000,0x00000000ee080000)
 ParOldGen       total 40960K, used 933K [0x00000000c4000000, 0x00000000c6800000, 0x00000000ec000000)
  object space 40960K, 2% used [0x00000000c4000000,0x00000000c40e9770,0x00000000c6800000)
 Metaspace       used 8652K, capacity 8766K, committed 8832K, reserved 1056768K
  class space    used 1067K, capacity 1107K, committed 1152K, reserved 1048576K
}
Event: 1,865 GC heap before
{Heap before GC invocations=3 (full 0):
 PSYoungGen      total 33280K, used 33268K [0x00000000ec000000, 0x00000000ee300000, 0x0000000100000000)
  eden space 30720K, 100% used [0x00000000ec000000,0x00000000ede00000,0x00000000ede00000)
  from space 2560K, 99% used [0x00000000ee080000,0x00000000ee2fd280,0x00000000ee300000)
  to   space 2560K, 0% used [0x00000000ede00000,0x00000000ede00000,0x00000000ee080000)
 ParOldGen       total 40960K, used 933K [0x00000000c4000000, 0x00000000c6800000, 0x00000000ec000000)
  object space 40960K, 2% used [0x00000000c4000000,0x00000000c40e9770,0x00000000c6800000)
 Metaspace       used 12388K, capacity 12578K, committed 12928K, reserved 1060864K
  class space    used 1537K, capacity 1609K, committed 1664K, reserved 1048576K
Event: 1,883 GC heap after
Heap after GC invocations=3 (full 0):
 PSYoungGen      total 33280K, used 2544K [0x00000000ec000000, 0x00000000f0100000, 0x0000000100000000)
  eden space 30720K, 0% used [0x00000000ec000000,0x00000000ec000000,0x00000000ede00000)
  from space 2560K, 99% used [0x00000000ede00000,0x00000000ee07c010,0x00000000ee080000)
  to   space 2560K, 0% used [0x00000000efe80000,0x00000000efe80000,0x00000000f0100000)
 ParOldGen       total 40960K, used 3303K [0x00000000c4000000, 0x00000000c6800000, 0x00000000ec000000)
  object space 40960K, 8% used [0x00000000c4000000,0x00000000c4339f38,0x00000000c6800000)
 Metaspace       used 12388K, capacity 12578K, committed 12928K, reserved 1060864K
  class space    used 1537K, capacity 1609K, committed 1664K, reserved 1048576K
}
Event: 2,421 GC heap before
{Heap before GC invocations=4 (full 0):
 PSYoungGen      total 33280K, used 33264K [0x00000000ec000000, 0x00000000f0100000, 0x0000000100000000)
  eden space 30720K, 100% used [0x00000000ec000000,0x00000000ede00000,0x00000000ede00000)
  from space 2560K, 99% used [0x00000000ede00000,0x00000000ee07c010,0x00000000ee080000)
  to   space 2560K, 0% used [0x00000000efe80000,0x00000000efe80000,0x00000000f0100000)
 ParOldGen       total 40960K, used 3303K [0x00000000c4000000, 0x00000000c6800000, 0x00000000ec000000)
  object space 40960K, 8% used [0x00000000c4000000,0x00000000c4339f38,0x00000000c6800000)
 Metaspace       used 12786K, capacity 12948K, committed 13184K, reserved 1060864K
  class space    used 1572K, capacity 1644K, committed 1664K, reserved 1048576K
Event: 2,457 GC heap after
Heap after GC invocations=4 (full 0):
 PSYoungGen      total 64000K, used 2560K [0x00000000ec000000, 0x00000000f0100000, 0x0000000100000000)
  eden space 61440K, 0% used [0x00000000ec000000,0x00000000ec000000,0x00000000efc00000)
  from space 2560K, 100% used [0x00000000efe80000,0x00000000f0100000,0x00000000f0100000)
  to   space 2560K, 0% used [0x00000000efc00000,0x00000000efc00000,0x00000000efe80000)
 ParOldGen       total 40960K, used 4758K [0x00000000c4000000, 0x00000000c6800000, 0x00000000ec000000)
  object space 40960K, 11% used [0x00000000c4000000,0x00000000c44a5a30,0x00000000c6800000)
 Metaspace       used 12786K, capacity 12948K, committed 13184K, reserved 1060864K
  class space    used 1572K, capacity 1644K, committed 1664K, reserved 1048576K
}
Event: 4,017 GC heap before
{Heap before GC invocations=5 (full 0):
 PSYoungGen      total 64000K, used 64000K [0x00000000ec000000, 0x00000000f0100000, 0x0000000100000000)
  eden space 61440K, 100% used [0x00000000ec000000,0x00000000efc00000,0x00000000efc00000)
  from space 2560K, 100% used [0x00000000efe80000,0x00000000f0100000,0x00000000f0100000)
  to   space 2560K, 0% used [0x00000000efc00000,0x00000000efc00000,0x00000000efe80000)
 ParOldGen       total 40960K, used 4758K [0x00000000c4000000, 0x00000000c6800000, 0x00000000ec000000)
  object space 40960K, 11% used [0x00000000c4000000,0x00000000c44a5a30,0x00000000c6800000)
 Metaspace       used 15005K, capacity 15192K, committed 15616K, reserved 1062912K
  class space    used 1876K, capacity 1938K, committed 2048K, reserved 1048576K
Event: 4,036 GC heap after
Heap after GC invocations=5 (full 0):
 PSYoungGen      total 64000K, used 2530K [0x00000000ec000000, 0x00000000f4500000, 0x0000000100000000)
  eden space 61440K, 0% used [0x00000000ec000000,0x00000000ec000000,0x00000000efc00000)
  from space 2560K, 98% used [0x00000000efc00000,0x00000000efe78900,0x00000000efe80000)
  to   space 6656K, 0% used [0x00000000f3e80000,0x00000000f3e80000,0x00000000f4500000)
 ParOldGen       total 40960K, used 8698K [0x00000000c4000000, 0x00000000c6800000, 0x00000000ec000000)
  object space 40960K, 21% used [0x00000000c4000000,0x00000000c487e810,0x00000000c6800000)
 Metaspace       used 15005K, capacity 15192K, committed 15616K, reserved 1062912K
  class space    used 1876K, capacity 1938K, committed 2048K, reserved 1048576K
}
Event: 4,712 GC heap before
{Heap before GC invocations=6 (full 0):
 PSYoungGen      total 64000K, used 63970K [0x00000000ec000000, 0x00000000f4500000, 0x0000000100000000)
  eden space 61440K, 100% used [0x00000000ec000000,0x00000000efc00000,0x00000000efc00000)
  from space 2560K, 98% used [0x00000000efc00000,0x00000000efe78900,0x00000000efe80000)
  to   space 6656K, 0% used [0x00000000f3e80000,0x00000000f3e80000,0x00000000f4500000)
 ParOldGen       total 40960K, used 8698K [0x00000000c4000000, 0x00000000c6800000, 0x00000000ec000000)
  object space 40960K, 21% used [0x00000000c4000000,0x00000000c487e810,0x00000000c6800000)
 Metaspace       used 17134K, capacity 17360K, committed 17664K, reserved 1064960K
  class space    used 2156K, capacity 2230K, committed 2304K, reserved 1048576K
Event: 4,742 GC heap after
Heap after GC invocations=6 (full 0):
 PSYoungGen      total 129024K, used 5925K [0x00000000ec000000, 0x00000000f4600000, 0x0000000100000000)
  eden space 122368K, 0% used [0x00000000ec000000,0x00000000ec000000,0x00000000f3780000)
  from space 6656K, 89% used [0x00000000f3e80000,0x00000000f4449520,0x00000000f4500000)
  to   space 7168K, 0% used [0x00000000f3780000,0x00000000f3780000,0x00000000f3e80000)
 ParOldGen       total 40960K, used 8706K [0x00000000c4000000, 0x00000000c6800000, 0x00000000ec000000)
  object space 40960K, 21% used [0x00000000c4000000,0x00000000c4880810,0x00000000c6800000)
 Metaspace       used 17134K, capacity 17360K, committed 17664K, reserved 1064960K
  class space    used 2156K, capacity 2230K, committed 2304K, reserved 1048576K
}
Event: 5,429 GC heap before
{Heap before GC invocations=7 (full 0):
 PSYoungGen      total 129024K, used 54048K [0x00000000ec000000, 0x00000000f4600000, 0x0000000100000000)
  eden space 122368K, 39% used [0x00000000ec000000,0x00000000eeefedc0,0x00000000f3780000)
  from space 6656K, 89% used [0x00000000f3e80000,0x00000000f4449520,0x00000000f4500000)
  to   space 7168K, 0% used [0x00000000f3780000,0x00000000f3780000,0x00000000f3e80000)
 ParOldGen       total 40960K, used 8706K [0x00000000c4000000, 0x00000000c6800000, 0x00000000ec000000)
  object space 40960K, 21% used [0x00000000c4000000,0x00000000c4880810,0x00000000c6800000)
 Metaspace       used 20925K, capacity 21174K, committed 21296K, reserved 1067008K
  class space    used 2742K, capacity 2839K, committed 2864K, reserved 1048576K

