# JRE version: Java(TM) SE Runtime Environment (8.0_91-b14) (build 1.8.0_91-b14)
# Java VM: Java HotSpot(TM) 64-Bit Server VM (25.91-b14 mixed mode linux-amd64 compressed oops)
Heap:
 PSYoungGen      total 131072K, used 8161K [0x00000000ec000000, 0x00000000f4800000, 0x0000000100000000)
  eden space 122880K, 0% used [0x00000000ec000000,0x00000000ec000000,0x00000000f3800000)
  from space 8192K, 99% used [0x00000000f3800000,0x00000000f3ff87a0,0x00000000f4000000)
  to   space 7168K, 0% used [0x00000000f4100000,0x00000000f4100000,0x00000000f4800000)
 ParOldGen       total 36352K, used 15231K [0x00000000c4000000, 0x00000000c6380000, 0x00000000ec000000)
  object space 36352K, 41% used [0x00000000c4000000,0x00000000c4edff38,0x00000000c6380000)
 Metaspace       used 26791K, capacity 27594K, committed 27776K, reserved 1073152K
  class space    used 3234K, capacity 3422K, committed 3456K, reserved 1048576K
GC Heap History (10 events):
Event: 2,032 GC heap after
Heap after GC invocations=3 (full 0):
 PSYoungGen      total 33280K, used 2544K [0x00000000ec000000, 0x00000000f0100000, 0x0000000100000000)
  eden space 30720K, 0% used [0x00000000ec000000,0x00000000ec000000,0x00000000ede00000)
  from space 2560K, 99% used [0x00000000ede00000,0x00000000ee07c030,0x00000000ee080000)
  to   space 2560K, 0% used [0x00000000efe80000,0x00000000efe80000,0x00000000f0100000)
 ParOldGen       total 40960K, used 5519K [0x00000000c4000000, 0x00000000c6800000, 0x00000000ec000000)
  object space 40960K, 13% used [0x00000000c4000000,0x00000000c4563da8,0x00000000c6800000)
 Metaspace       used 11958K, capacity 12136K, committed 12416K, reserved 1060864K
  class space    used 1505K, capacity 1572K, committed 1664K, reserved 1048576K
}
Event: 2,668 GC heap before
{Heap before GC invocations=4 (full 0):
 PSYoungGen      total 33280K, used 33264K [0x00000000ec000000, 0x00000000f0100000, 0x0000000100000000)
  eden space 30720K, 100% used [0x00000000ec000000,0x00000000ede00000,0x00000000ede00000)
  from space 2560K, 99% used [0x00000000ede00000,0x00000000ee07c030,0x00000000ee080000)
  to   space 2560K, 0% used [0x00000000efe80000,0x00000000efe80000,0x00000000f0100000)
 ParOldGen       total 40960K, used 5519K [0x00000000c4000000, 0x00000000c6800000, 0x00000000ec000000)
  object space 40960K, 13% used [0x00000000c4000000,0x00000000c4563da8,0x00000000c6800000)
 Metaspace       used 14186K, capacity 14404K, committed 14720K, reserved 1062912K
  class space    used 1765K, capacity 1870K, committed 1920K, reserved 1048576K
Event: 2,698 GC heap after
Heap after GC invocations=4 (full 0):
 PSYoungGen      total 64000K, used 2544K [0x00000000ec000000, 0x00000000f0100000, 0x0000000100000000)
  eden space 61440K, 0% used [0x00000000ec000000,0x00000000ec000000,0x00000000efc00000)
  from space 2560K, 99% used [0x00000000efe80000,0x00000000f00fc010,0x00000000f0100000)
  to   space 2560K, 0% used [0x00000000efc00000,0x00000000efc00000,0x00000000efe80000)
 ParOldGen       total 40960K, used 7192K [0x00000000c4000000, 0x00000000c6800000, 0x00000000ec000000)
  object space 40960K, 17% used [0x00000000c4000000,0x00000000c4706338,0x00000000c6800000)
 Metaspace       used 14186K, capacity 14404K, committed 14720K, reserved 1062912K
  class space    used 1765K, capacity 1870K, committed 1920K, reserved 1048576K
}
Event: 4,135 GC heap before
{Heap before GC invocations=5 (full 0):
 PSYoungGen      total 64000K, used 63984K [0x00000000ec000000, 0x00000000f0100000, 0x0000000100000000)
  eden space 61440K, 100% used [0x00000000ec000000,0x00000000efc00000,0x00000000efc00000)
  from space 2560K, 99% used [0x00000000efe80000,0x00000000f00fc010,0x00000000f0100000)
  to   space 2560K, 0% used [0x00000000efc00000,0x00000000efc00000,0x00000000efe80000)
 ParOldGen       total 40960K, used 7192K [0x00000000c4000000, 0x00000000c6800000, 0x00000000ec000000)
  object space 40960K, 17% used [0x00000000c4000000,0x00000000c4706338,0x00000000c6800000)
 Metaspace       used 17195K, capacity 17598K, committed 17792K, reserved 1064960K
  class space    used 2064K, capacity 2156K, committed 2176K, reserved 1048576K
Event: 4,199 GC heap after
Heap after GC invocations=5 (full 0):
 PSYoungGen      total 64000K, used 2544K [0x00000000ec000000, 0x00000000f4a00000, 0x0000000100000000)
  eden space 61440K, 0% used [0x00000000ec000000,0x00000000ec000000,0x00000000efc00000)
  from space 2560K, 99% used [0x00000000efc00000,0x00000000efe7c010,0x00000000efe80000)
  to   space 9216K, 0% used [0x00000000f4100000,0x00000000f4100000,0x00000000f4a00000)
 ParOldGen       total 40960K, used 12472K [0x00000000c4000000, 0x00000000c6800000, 0x00000000ec000000)
  object space 40960K, 30% used [0x00000000c4000000,0x00000000c4c2e0b0,0x00000000c6800000)
 Metaspace       used 17195K, capacity 17598K, committed 17792K, reserved 1064960K
  class space    used 2064K, capacity 2156K, committed 2176K, reserved 1048576K
}
Event: 4,835 GC heap before
{Heap before GC invocations=6 (full 0):
 PSYoungGen      total 64000K, used 33582K [0x00000000ec000000, 0x00000000f4a00000, 0x0000000100000000)
  eden space 61440K, 50% used [0x00000000ec000000,0x00000000ede4faf0,0x00000000efc00000)
  from space 2560K, 99% used [0x00000000efc00000,0x00000000efe7c010,0x00000000efe80000)
  to   space 9216K, 0% used [0x00000000f4100000,0x00000000f4100000,0x00000000f4a00000)
 ParOldGen       total 40960K, used 12472K [0x00000000c4000000, 0x00000000c6800000, 0x00000000ec000000)
  object space 40960K, 30% used [0x00000000c4000000,0x00000000c4c2e0b0,0x00000000c6800000)
 Metaspace       used 20657K, capacity 21142K, committed 21296K, reserved 1069056K
  class space    used 2529K, capacity 2656K, committed 2688K, reserved 1048576K
Event: 4,865 GC heap after
Heap after GC invocations=6 (full 0):
 PSYoungGen      total 130048K, used 4857K [0x00000000ec000000, 0x00000000f4800000, 0x0000000100000000)
  eden space 122880K, 0% used [0x00000000ec000000,0x00000000ec000000,0x00000000f3800000)
  from space 7168K, 67% used [0x00000000f4100000,0x00000000f45be668,0x00000000f4800000)
  to   space 8192K, 0% used [0x00000000f3800000,0x00000000f3800000,0x00000000f4000000)
 ParOldGen       total 40960K, used 12480K [0x00000000c4000000, 0x00000000c6800000, 0x00000000ec000000)
  object space 40960K, 30% used [0x00000000c4000000,0x00000000c4c300b0,0x00000000c6800000)
 Metaspace       used 20657K, capacity 21142K, committed 21296K, reserved 1069056K
  class space    used 2529K, capacity 2656K, committed 2688K, reserved 1048576K
}
Event: 4,866 GC heap before
{Heap before GC invocations=7 (full 1):
 PSYoungGen      total 130048K, used 4857K [0x00000000ec000000, 0x00000000f4800000, 0x0000000100000000)
  eden space 122880K, 0% used [0x00000000ec000000,0x00000000ec000000,0x00000000f3800000)
  from space 7168K, 67% used [0x00000000f4100000,0x00000000f45be668,0x00000000f4800000)
  to   space 8192K, 0% used [0x00000000f3800000,0x00000000f3800000,0x00000000f4000000)
 ParOldGen       total 40960K, used 12480K [0x00000000c4000000, 0x00000000c6800000, 0x00000000ec000000)
  object space 40960K, 30% used [0x00000000c4000000,0x00000000c4c300b0,0x00000000c6800000)
 Metaspace       used 20657K, capacity 21142K, committed 21296K, reserved 1069056K
  class space    used 2529K, capacity 2656K, committed 2688K, reserved 1048576K
Event: 4,938 GC heap after
Heap after GC invocations=7 (full 1):
 PSYoungGen      total 130048K, used 0K [0x00000000ec000000, 0x00000000f4800000, 0x0000000100000000)
  eden space 122880K, 0% used [0x00000000ec000000,0x00000000ec000000,0x00000000f3800000)
  from space 7168K, 0% used [0x00000000f4100000,0x00000000f4100000,0x00000000f4800000)
  to   space 8192K, 0% used [0x00000000f3800000,0x00000000f3800000,0x00000000f4000000)
 ParOldGen       total 36352K, used 10951K [0x00000000c4000000, 0x00000000c6380000, 0x00000000ec000000)
  object space 36352K, 30% used [0x00000000c4000000,0x00000000c4ab1dc0,0x00000000c6380000)
 Metaspace       used 20657K, capacity 21142K, committed 21296K, reserved 1069056K
  class space    used 2529K, capacity 2656K, committed 2688K, reserved 1048576K
}
Event: 7,253 GC heap before
{Heap before GC invocations=8 (full 1):
 PSYoungGen      total 130048K, used 116556K [0x00000000ec000000, 0x00000000f4800000, 0x0000000100000000)
  eden space 122880K, 94% used [0x00000000ec000000,0x00000000f31d3280,0x00000000f3800000)
  from space 7168K, 0% used [0x00000000f4100000,0x00000000f4100000,0x00000000f4800000)
  to   space 8192K, 0% used [0x00000000f3800000,0x00000000f3800000,0x00000000f4000000)
 ParOldGen       total 36352K, used 10951K [0x00000000c4000000, 0x00000000c6380000, 0x00000000ec000000)
  object space 36352K, 30% used [0x00000000c4000000,0x00000000c4ab1dc0,0x00000000c6380000)
 Metaspace       used 26791K, capacity 27594K, committed 27776K, reserved 1073152K
  class space    used 3234K, capacity 3422K, committed 3456K, reserved 1048576K

